INFO 2025-09-21 23:24:40,445 autoreload Watching for file changes with StatReloader
INFO 2025-09-21 23:24:45,211 apps Starting initial file scan...
ERROR 2025-09-21 23:24:45,218 apps Initial scan failed: (1146, "Table 'video_streaming_db.scan_history' doesn't exist")
INFO 2025-09-21 23:24:45,433 apps Starting initial file scan...
ERROR 2025-09-21 23:24:45,436 apps Initial scan failed: (1146, "Table 'video_streaming_db.scan_history' doesn't exist")
INFO 2025-09-21 23:25:39,544 autoreload Watching for file changes with StatReloader
INFO 2025-09-21 23:25:44,313 apps Starting initial file scan...
ERROR 2025-09-21 23:25:44,320 apps Initial scan failed: (1146, "Table 'video_streaming_db.scan_history' doesn't exist")
INFO 2025-09-21 23:25:44,532 apps Starting initial file scan...
ERROR 2025-09-21 23:25:44,534 apps Initial scan failed: (1146, "Table 'video_streaming_db.scan_history' doesn't exist")
INFO 2025-09-21 23:42:51,757 autoreload Watching for file changes with StatReloader
INFO 2025-09-21 23:42:56,550 apps Starting initial file scan...
ERROR 2025-09-21 23:42:56,556 apps Initial scan failed: (1146, "Table 'video_streaming_db.scan_history' doesn't exist")
INFO 2025-09-21 23:42:56,757 apps Starting initial file scan...
ERROR 2025-09-21 23:42:56,763 apps Initial scan failed: (1146, "Table 'video_streaming_db.scan_history' doesn't exist")
INFO 2025-09-21 23:43:59,072 autoreload C:\dev\video_streaming\backend\videos\views.py changed, reloading.
INFO 2025-09-21 23:43:59,369 autoreload Watching for file changes with StatReloader
INFO 2025-09-21 23:44:03,002 autoreload Watching for file changes with StatReloader
INFO 2025-09-21 23:44:07,806 apps Starting initial file scan...
ERROR 2025-09-21 23:44:07,811 apps Initial scan failed: (1146, "Table 'video_streaming_db.scan_history' doesn't exist")
INFO 2025-09-21 23:44:07,991 apps Starting initial file scan...
ERROR 2025-09-21 23:44:07,997 apps Initial scan failed: (1146, "Table 'video_streaming_db.scan_history' doesn't exist")
INFO 2025-09-21 23:44:29,018 autoreload C:\dev\video_streaming\backend\videos\views.py changed, reloading.
INFO 2025-09-21 23:44:29,327 autoreload Watching for file changes with StatReloader
INFO 2025-09-21 23:44:34,324 apps Starting initial file scan...
ERROR 2025-09-21 23:44:34,330 apps Initial scan failed: (1146, "Table 'video_streaming_db.scan_history' doesn't exist")
INFO 2025-09-21 23:44:49,268 autoreload C:\dev\video_streaming\backend\videos\models.py changed, reloading.
INFO 2025-09-21 23:44:49,582 autoreload Watching for file changes with StatReloader
INFO 2025-09-21 23:44:55,306 autoreload Watching for file changes with StatReloader
INFO 2025-09-21 23:45:00,108 apps Starting initial file scan...
ERROR 2025-09-21 23:45:00,113 apps Initial scan failed: (1146, "Table 'video_streaming_db.scan_history' doesn't exist")
INFO 2025-09-21 23:45:00,297 apps Starting initial file scan...
ERROR 2025-09-21 23:45:00,299 apps Initial scan failed: (1146, "Table 'video_streaming_db.scan_history' doesn't exist")
INFO 2025-09-21 23:53:12,434 autoreload Watching for file changes with StatReloader
INFO 2025-09-21 23:53:17,235 apps Starting initial file scan...
ERROR 2025-09-21 23:53:17,240 apps Initial scan failed: (1146, "Table 'video_streaming_db.scan_history' doesn't exist")
INFO 2025-09-21 23:53:17,435 apps Starting initial file scan...
ERROR 2025-09-21 23:53:17,437 apps Initial scan failed: (1146, "Table 'video_streaming_db.scan_history' doesn't exist")
INFO 2025-09-21 23:54:28,404 autoreload Watching for file changes with StatReloader
INFO 2025-09-21 23:54:33,210 apps Starting initial file scan...
ERROR 2025-09-21 23:54:33,214 apps Initial scan failed: (1146, "Table 'video_streaming_db.scan_history' doesn't exist")
INFO 2025-09-21 23:54:33,395 apps Starting initial file scan...
ERROR 2025-09-21 23:54:33,397 apps Initial scan failed: (1146, "Table 'video_streaming_db.scan_history' doesn't exist")
INFO 2025-09-21 23:56:57,443 autoreload Watching for file changes with StatReloader
INFO 2025-09-21 23:57:02,248 apps Starting initial file scan...
ERROR 2025-09-21 23:57:02,253 apps Initial scan failed: (1146, "Table 'video_streaming_db.scan_history' doesn't exist")
INFO 2025-09-21 23:57:02,436 apps Starting initial file scan...
ERROR 2025-09-21 23:57:02,438 apps Initial scan failed: (1146, "Table 'video_streaming_db.scan_history' doesn't exist")
INFO 2025-09-21 23:58:02,596 autoreload C:\dev\video_streaming\backend\videos\apps.py changed, reloading.
INFO 2025-09-21 23:58:02,918 autoreload Watching for file changes with StatReloader
INFO 2025-09-21 23:58:07,918 apps Starting initial file scan...
ERROR 2025-09-21 23:58:07,921 apps Initial scan failed: (1146, "Table 'video_streaming_db.scan_history' doesn't exist")
INFO 2025-09-21 23:58:32,023 autoreload C:\dev\video_streaming\backend\videos\apps.py changed, reloading.
INFO 2025-09-21 23:58:32,337 autoreload Watching for file changes with StatReloader
INFO 2025-09-21 23:58:40,765 autoreload C:\dev\video_streaming\backend\videos\apps.py changed, reloading.
WARNING 2025-09-21 23:58:41,079 apps Database not ready. Skip initial/periodic scans.
INFO 2025-09-21 23:58:41,092 autoreload Watching for file changes with StatReloader
WARNING 2025-09-21 23:58:43,450 apps Database not ready. Skip initial/periodic scans.
INFO 2025-09-21 23:58:43,462 autoreload Watching for file changes with StatReloader
INFO 2025-09-22 00:00:07,184 autoreload C:\dev\video_streaming\backend\videos\models.py changed, reloading.
WARNING 2025-09-22 00:00:07,498 apps Database not ready. Skip initial/periodic scans.
INFO 2025-09-22 00:00:07,511 autoreload Watching for file changes with StatReloader
INFO 2025-09-22 00:01:39,491 autoreload C:\dev\video_streaming\backend\videos\models.py changed, reloading.
WARNING 2025-09-22 00:01:39,839 apps Database not ready. Skip initial/periodic scans.
INFO 2025-09-22 00:01:39,854 autoreload Watching for file changes with StatReloader
WARNING 2025-09-22 00:07:45,010 apps Database not ready. Skip initial/periodic scans.
INFO 2025-09-22 00:07:45,023 autoreload Watching for file changes with StatReloader
INFO 2025-09-22 00:10:15,610 autoreload C:\dev\video_streaming\backend\videos\models.py changed, reloading.
WARNING 2025-09-22 00:10:15,955 apps Database not ready. Skip initial/periodic scans.
INFO 2025-09-22 00:10:15,969 autoreload Watching for file changes with StatReloader
WARNING 2025-09-22 00:10:28,988 apps Database not ready. Skip initial/periodic scans.
INFO 2025-09-22 00:10:29,001 autoreload Watching for file changes with StatReloader
INFO 2025-09-22 00:13:52,110 autoreload C:\dev\video_streaming\backend\videos\apps.py changed, reloading.
INFO 2025-09-22 00:13:52,436 apps Database ready at startup; starting initial and periodic scans.
INFO 2025-09-22 00:13:54,092 apps Database ready at startup; starting initial and periodic scans.
WARNING 2025-09-22 00:13:54,202 apps No scan entrypoints found (initial_scan / periodic_scan). Skipping automatic scan startup.
INFO 2025-09-22 00:13:54,214 autoreload Watching for file changes with StatReloader
INFO 2025-09-22 00:20:44,258 autoreload C:\dev\video_streaming\backend\videos\utils.py changed, reloading.
INFO 2025-09-22 00:20:44,612 apps Database ready at startup; starting initial and periodic scans.
WARNING 2025-09-22 00:20:44,700 apps No scan entrypoints found (initial_scan / periodic_scan). Skipping automatic scan startup.
INFO 2025-09-22 00:20:44,713 autoreload Watching for file changes with StatReloader
INFO 2025-09-22 00:20:46,902 autoreload C:\dev\video_streaming\backend\videos\utils.py changed, reloading.
INFO 2025-09-22 00:20:47,200 apps Database ready at startup; starting initial and periodic scans.
INFO 2025-09-22 00:20:47,259 apps Starting scan function: initial_scan
INFO 2025-09-22 00:20:47,259 apps Initial scan thread started.
INFO 2025-09-22 00:20:47,259 apps Starting scan function: periodic_scan
INFO 2025-09-22 00:20:47,260 apps Periodic scan thread started.
INFO 2025-09-22 00:20:47,260 scanner Starting initial file scan...
INFO 2025-09-22 00:20:47,261 scanner Starting periodic scan loop (interval=21600 sec)...
INFO 2025-09-22 00:20:47,261 scanner Periodic scan tick.
INFO 2025-09-22 00:20:47,274 autoreload Watching for file changes with StatReloader
ERROR 2025-09-22 00:20:47,377 utils Error calculating MD5 for C:\dev\video_streaming\media\videos\p.mp4: [WinError 32] プロセスはファイルにアクセスできません。別のプロセスが使用中です。: 'C:\\dev\\video_streaming\\media\\videos\\p.mp4.temp.mp4'
INFO 2025-09-22 00:20:48,587 utils Added file: p.mp4
ERROR 2025-09-22 00:20:48,588 utils Error processing file C:\dev\video_streaming\media\videos\p.mp4: (1062, "Duplicate entry '5332834688c54f9cda6adbee76cf66cb581eaaf40c175b2d43de6c128d89edc9' for key 'files.file_path_hash'")
INFO 2025-09-22 00:20:48,598 utils Scan completed: 1 scanned, 1 added, 0 updated, 0 duplicates
INFO 2025-09-22 00:20:48,599 utils Scan completed: 1 scanned, 0 added, 0 updated, 0 duplicates
INFO 2025-09-22 00:20:48,600 utils Marked 0 files as duplicates
INFO 2025-09-22 00:20:48,600 utils Marked 0 files as duplicates
INFO 2025-09-22 00:20:48,600 scanner Periodic scan tick finished.
INFO 2025-09-22 00:20:48,600 scanner Initial file scan finished.
INFO 2025-09-22 00:24:25,227 autoreload C:\dev\video_streaming\backend\backend\settings.py changed, reloading.
INFO 2025-09-22 00:24:25,537 apps Database ready at startup; starting initial and periodic scans.
INFO 2025-09-22 00:24:25,587 apps Starting scan function: initial_scan
INFO 2025-09-22 00:24:25,587 apps Initial scan thread started.
INFO 2025-09-22 00:24:25,587 apps Starting scan function: periodic_scan
INFO 2025-09-22 00:24:25,587 apps Periodic scan thread started.
INFO 2025-09-22 00:24:25,589 scanner Starting initial file scan...
INFO 2025-09-22 00:24:25,589 scanner Starting periodic scan loop (interval=21600 sec)...
INFO 2025-09-22 00:24:25,589 scanner Periodic scan tick.
INFO 2025-09-22 00:24:25,602 autoreload Watching for file changes with StatReloader
INFO 2025-09-22 00:24:25,621 utils Scan completed: 1 scanned, 0 added, 0 updated, 0 duplicates
INFO 2025-09-22 00:24:25,622 utils Marked 0 files as duplicates
INFO 2025-09-22 00:24:25,622 scanner Initial file scan finished.
INFO 2025-09-22 00:24:25,622 utils Scan completed: 1 scanned, 0 added, 0 updated, 0 duplicates
INFO 2025-09-22 00:24:25,623 utils Marked 0 files as duplicates
INFO 2025-09-22 00:24:25,623 scanner Periodic scan tick finished.
INFO 2025-09-22 00:24:31,003 autoreload C:\dev\video_streaming\backend\videos\utils.py changed, reloading.
INFO 2025-09-22 00:24:31,310 apps Database ready at startup; starting initial and periodic scans.
INFO 2025-09-22 00:24:31,368 apps Starting scan function: initial_scan
INFO 2025-09-22 00:24:31,368 apps Initial scan thread started.
INFO 2025-09-22 00:24:31,368 apps Starting scan function: periodic_scan
INFO 2025-09-22 00:24:31,368 apps Periodic scan thread started.
INFO 2025-09-22 00:24:31,369 scanner Starting initial file scan...
INFO 2025-09-22 00:24:31,370 scanner Starting periodic scan loop (interval=21600 sec)...
INFO 2025-09-22 00:24:31,370 scanner Periodic scan tick.
INFO 2025-09-22 00:24:31,382 autoreload Watching for file changes with StatReloader
INFO 2025-09-22 00:24:31,403 utils Scan completed: 1 scanned, 0 added, 0 updated, 0 duplicates
INFO 2025-09-22 00:24:31,403 utils Scan completed: 1 scanned, 0 added, 0 updated, 0 duplicates
INFO 2025-09-22 00:24:31,404 utils Marked 0 files as duplicates
INFO 2025-09-22 00:24:31,404 utils Marked 0 files as duplicates
INFO 2025-09-22 00:24:31,405 scanner Initial file scan finished.
INFO 2025-09-22 00:24:31,405 scanner Periodic scan tick finished.
INFO 2025-09-22 00:24:43,947 autoreload C:\dev\video_streaming\backend\videos\scanner.py changed, reloading.
INFO 2025-09-22 00:24:44,246 apps Database ready at startup; starting initial and periodic scans.
INFO 2025-09-22 00:24:44,301 apps Starting scan function: initial_scan
INFO 2025-09-22 00:24:44,301 apps Initial scan thread started.
INFO 2025-09-22 00:24:44,301 apps Starting scan function: periodic_scan
INFO 2025-09-22 00:24:44,301 apps Periodic scan thread started.
INFO 2025-09-22 00:24:44,301 scanner Starting initial file scan (with WebP thumbnails)...
INFO 2025-09-22 00:24:44,302 scanner Starting periodic scan loop (interval=21600 sec) with WebP thumbnails...
INFO 2025-09-22 00:24:44,303 scanner Periodic scan tick.
INFO 2025-09-22 00:24:44,316 autoreload Watching for file changes with StatReloader
INFO 2025-09-22 00:24:44,335 utils Scan completed: 1 scanned, 0 added, 0 updated, 0 duplicates
INFO 2025-09-22 00:24:44,336 utils Marked 0 files as duplicates
INFO 2025-09-22 00:24:44,336 scanner Periodic scan tick finished.
INFO 2025-09-22 00:24:44,337 utils Scan completed: 1 scanned, 0 added, 0 updated, 0 duplicates
INFO 2025-09-22 00:24:44,337 utils Marked 0 files as duplicates
INFO 2025-09-22 00:24:44,337 scanner Initial file scan finished.
INFO 2025-09-22 00:25:03,741 apps Database ready at startup; starting initial and periodic scans.
INFO 2025-09-22 00:25:03,787 apps Starting scan function: initial_scan
INFO 2025-09-22 00:25:03,787 apps Initial scan thread started.
INFO 2025-09-22 00:25:03,787 apps Starting scan function: periodic_scan
INFO 2025-09-22 00:25:03,787 apps Periodic scan thread started.
INFO 2025-09-22 00:25:03,788 scanner Starting initial file scan (with WebP thumbnails)...
INFO 2025-09-22 00:25:03,788 scanner Starting periodic scan loop (interval=21600 sec) with WebP thumbnails...
INFO 2025-09-22 00:25:03,788 scanner Periodic scan tick.
INFO 2025-09-22 00:25:03,805 utils Scan completed: 0 scanned, 0 added, 0 updated, 0 duplicates
INFO 2025-09-22 00:25:03,806 autoreload Watching for file changes with StatReloader
INFO 2025-09-22 00:25:03,807 utils Marked 0 files as duplicates
INFO 2025-09-22 00:25:03,807 utils Scan completed: 0 scanned, 0 added, 0 updated, 0 duplicates
INFO 2025-09-22 00:25:03,807 scanner Initial file scan finished.
INFO 2025-09-22 00:25:03,808 utils Marked 0 files as duplicates
INFO 2025-09-22 00:25:03,808 scanner Periodic scan tick finished.
INFO 2025-09-22 00:25:21,074 apps Database ready at startup; starting initial and periodic scans.
INFO 2025-09-22 00:25:21,121 apps Starting scan function: initial_scan
INFO 2025-09-22 00:25:21,121 apps Initial scan thread started.
INFO 2025-09-22 00:25:21,121 apps Starting scan function: periodic_scan
INFO 2025-09-22 00:25:21,121 apps Periodic scan thread started.
INFO 2025-09-22 00:25:21,121 scanner Starting initial file scan (with WebP thumbnails)...
INFO 2025-09-22 00:25:21,122 scanner Starting periodic scan loop (interval=21600 sec) with WebP thumbnails...
INFO 2025-09-22 00:25:21,123 scanner Periodic scan tick.
INFO 2025-09-22 00:25:21,134 autoreload Watching for file changes with StatReloader
INFO 2025-09-22 00:25:21,154 utils Scan completed: 1 scanned, 0 added, 0 updated, 0 duplicates
INFO 2025-09-22 00:25:21,155 utils Scan completed: 1 scanned, 0 added, 0 updated, 0 duplicates
INFO 2025-09-22 00:25:21,156 utils Marked 0 files as duplicates
INFO 2025-09-22 00:25:21,156 scanner Initial file scan finished.
INFO 2025-09-22 00:25:21,156 utils Marked 0 files as duplicates
INFO 2025-09-22 00:25:21,156 scanner Periodic scan tick finished.
INFO 2025-09-22 00:25:47,244 apps Database ready at startup; starting initial and periodic scans.
INFO 2025-09-22 00:25:47,290 apps Starting scan function: initial_scan
INFO 2025-09-22 00:25:47,290 apps Initial scan thread started.
INFO 2025-09-22 00:25:47,291 apps Starting scan function: periodic_scan
INFO 2025-09-22 00:25:47,291 apps Periodic scan thread started.
INFO 2025-09-22 00:25:47,291 scanner Starting initial file scan (with WebP thumbnails)...
INFO 2025-09-22 00:25:47,293 scanner Starting periodic scan loop (interval=21600 sec) with WebP thumbnails...
INFO 2025-09-22 00:25:47,293 scanner Periodic scan tick.
INFO 2025-09-22 00:25:47,306 autoreload Watching for file changes with StatReloader
ERROR 2025-09-22 00:25:47,360 utils Error calculating MD5 for C:\dev\video_streaming\media\videos\gxx.mp4: [WinError 32] プロセスはファイルにアクセスできません。別のプロセスが使用中です。: 'C:\\dev\\video_streaming\\media\\videos\\gxx.mp4.temp.mp4'
INFO 2025-09-22 00:25:48,603 utils Added file: gxx.mp4
INFO 2025-09-22 00:25:48,612 utils Scan completed: 2 scanned, 1 added, 0 updated, 0 duplicates
INFO 2025-09-22 00:25:48,614 utils Marked 0 files as duplicates
INFO 2025-09-22 00:25:48,614 scanner Initial file scan finished.
ERROR 2025-09-22 00:25:48,615 utils Error processing file C:\dev\video_streaming\media\videos\gxx.mp4: (1062, "Duplicate entry 'c5461751f204fe8a6d15a0362b34462a83dc64799424a495dadf3cde643e56fe' for key 'files.file_path_hash'")
INFO 2025-09-22 00:25:48,618 utils Scan completed: 2 scanned, 0 added, 0 updated, 0 duplicates
INFO 2025-09-22 00:25:48,619 utils Marked 0 files as duplicates
INFO 2025-09-22 00:25:48,619 scanner Periodic scan tick finished.
INFO 2025-09-22 00:26:45,335 apps Database ready at startup; starting initial and periodic scans.
INFO 2025-09-22 00:26:45,388 apps Starting scan function: initial_scan
INFO 2025-09-22 00:26:45,388 apps Initial scan thread started.
INFO 2025-09-22 00:26:45,388 apps Starting scan function: periodic_scan
INFO 2025-09-22 00:26:45,388 apps Periodic scan thread started.
INFO 2025-09-22 00:26:45,389 scanner Starting initial file scan (with WebP thumbnails)...
INFO 2025-09-22 00:26:45,390 scanner Starting periodic scan loop (interval=21600 sec) with WebP thumbnails...
INFO 2025-09-22 00:26:45,390 scanner Periodic scan tick.
INFO 2025-09-22 00:26:45,404 autoreload Watching for file changes with StatReloader
INFO 2025-09-22 00:26:46,389 utils Added file: 220702_loop.mp4
ERROR 2025-09-22 00:26:46,390 utils Error processing file C:\dev\video_streaming\media\videos\220702_loop.mp4: (1062, "Duplicate entry '5b59aa4dfe2faeb2c0cddcbd6a629874d92a318f328e96860a805ca6f8e05aee' for key 'files.file_path_hash'")
INFO 2025-09-22 00:26:46,398 utils Scan completed: 3 scanned, 1 added, 0 updated, 0 duplicates
INFO 2025-09-22 00:26:46,399 utils Marked 0 files as duplicates
INFO 2025-09-22 00:26:46,399 utils Scan completed: 3 scanned, 0 added, 0 updated, 0 duplicates
INFO 2025-09-22 00:26:46,399 scanner Periodic scan tick finished.
INFO 2025-09-22 00:26:46,400 utils Marked 0 files as duplicates
INFO 2025-09-22 00:26:46,400 scanner Initial file scan finished.
WARNING 2025-09-22 00:46:46,206 log Not Found: /api/files/all/
WARNING 2025-09-22 00:46:46,206 basehttp "GET /api/files/all/?page=1&page_size=100&search=&sort_by=-created_at HTTP/1.1" 404 46
WARNING 2025-09-22 00:46:46,209 log Not Found: /api/files/all/
WARNING 2025-09-22 00:46:46,209 basehttp "GET /api/files/all/?page=1&page_size=100&search=&sort_by=-created_at HTTP/1.1" 404 46
WARNING 2025-09-22 00:46:52,652 log Not Found: /api/files/all/
WARNING 2025-09-22 00:46:52,652 basehttp "GET /api/files/all/?page=1&page_size=100&search=&sort_by=-created_at HTTP/1.1" 404 46
WARNING 2025-09-22 00:46:52,653 log Not Found: /api/files/all/
WARNING 2025-09-22 00:46:52,654 basehttp "GET /api/files/all/?page=1&page_size=100&search=&sort_by=-created_at HTTP/1.1" 404 46
WARNING 2025-09-22 00:47:03,475 log Not Found: /api/files/no-folder/
WARNING 2025-09-22 00:47:03,475 basehttp "GET /api/files/no-folder/?search=&sort_by=-created_at HTTP/1.1" 404 46
WARNING 2025-09-22 00:47:03,476 log Not Found: /api/files/no-folder/
WARNING 2025-09-22 00:47:03,476 basehttp "GET /api/files/no-folder/?search=&sort_by=-created_at HTTP/1.1" 404 46
INFO 2025-09-22 00:47:05,606 basehttp "GET /api/folders/?parent_id=null HTTP/1.1" 200 52
INFO 2025-09-22 00:47:05,609 basehttp "GET /api/folders/?parent_id=null HTTP/1.1" 200 52
INFO 2025-09-22 00:47:09,182 views Starting forced file scan...
INFO 2025-09-22 00:47:09,191 utils Scan completed: 3 scanned, 0 added, 0 updated, 0 duplicates
INFO 2025-09-22 00:47:09,192 utils Marked 0 files as duplicates
ERROR 2025-09-22 00:47:09,223 log Internal Server Error: /api/force_refresh/
Traceback (most recent call last):
  File "C:\dev\video_streaming\venv\lib\site-packages\django\core\handlers\exception.py", line 55, in inner
    response = get_response(request)
  File "C:\dev\video_streaming\venv\lib\site-packages\django\core\handlers\base.py", line 197, in _get_response
    response = wrapped_callback(request, *callback_args, **callback_kwargs)
  File "C:\dev\video_streaming\venv\lib\site-packages\django\views\decorators\csrf.py", line 65, in _view_wrapper
    return view_func(request, *args, **kwargs)
  File "C:\dev\video_streaming\venv\lib\site-packages\django\views\generic\base.py", line 104, in view
    return self.dispatch(request, *args, **kwargs)
  File "C:\dev\video_streaming\venv\lib\site-packages\rest_framework\views.py", line 509, in dispatch
    response = self.handle_exception(exc)
  File "C:\dev\video_streaming\venv\lib\site-packages\rest_framework\views.py", line 469, in handle_exception
    self.raise_uncaught_exception(exc)
  File "C:\dev\video_streaming\venv\lib\site-packages\rest_framework\views.py", line 480, in raise_uncaught_exception
    raise exc
  File "C:\dev\video_streaming\venv\lib\site-packages\rest_framework\views.py", line 506, in dispatch
    response = handler(request, *args, **kwargs)
  File "C:\dev\video_streaming\backend\videos\views.py", line 329, in get
    return Response(serializer.data)
  File "C:\dev\video_streaming\venv\lib\site-packages\rest_framework\serializers.py", line 555, in data
    ret = super().data
  File "C:\dev\video_streaming\venv\lib\site-packages\rest_framework\serializers.py", line 253, in data
    self._data = self.to_representation(self.instance)
  File "C:\dev\video_streaming\venv\lib\site-packages\rest_framework\serializers.py", line 522, in to_representation
    ret[field.field_name] = field.to_representation(attribute)
  File "C:\dev\video_streaming\venv\lib\site-packages\rest_framework\fields.py", line 1838, in to_representation
    return method(value)
  File "C:\dev\video_streaming\backend\videos\serializers.py", line 235, in get_duration
    delta = obj.completed_at - obj.started_at
TypeError: can't subtract offset-naive and offset-aware datetimes
ERROR 2025-09-22 00:47:09,228 basehttp "GET /api/force_refresh/ HTTP/1.1" 500 134262
WARNING 2025-09-22 00:47:11,189 log Not Found: /api/files/all/
WARNING 2025-09-22 00:47:11,190 basehttp "GET /api/files/all/?page=1&page_size=100&search=&sort_by=-created_at HTTP/1.1" 404 46
WARNING 2025-09-22 00:47:11,191 log Not Found: /api/files/all/
WARNING 2025-09-22 00:47:11,191 basehttp "GET /api/files/all/?page=1&page_size=100&search=&sort_by=-created_at HTTP/1.1" 404 46
WARNING 2025-09-22 00:48:41,798 log Not Found: /api/files/all/
WARNING 2025-09-22 00:48:41,798 basehttp "GET /api/files/all/?page=1&page_size=100&search=&sort_by=-created_at HTTP/1.1" 404 46
WARNING 2025-09-22 00:48:41,800 log Not Found: /api/files/all/
WARNING 2025-09-22 00:48:41,800 basehttp "GET /api/files/all/?page=1&page_size=100&search=&sort_by=-created_at HTTP/1.1" 404 46
WARNING 2025-09-22 00:48:58,534 log Not Found: /api/files/all/
WARNING 2025-09-22 00:48:58,534 basehttp "GET /api/files/all/?page=1&page_size=100&search=&sort_by=-created_at HTTP/1.1" 404 46
WARNING 2025-09-22 00:48:58,536 log Not Found: /api/files/all/
WARNING 2025-09-22 00:48:58,537 basehttp "GET /api/files/all/?page=1&page_size=100&search=&sort_by=-created_at HTTP/1.1" 404 46
WARNING 2025-09-22 00:55:30,487 log Not Found: /api/files/all/
WARNING 2025-09-22 00:55:30,487 basehttp "GET /api/files/all/?page=1&page_size=100&search=&sort_by=-created_at HTTP/1.1" 404 46
WARNING 2025-09-22 00:55:30,491 log Not Found: /api/files/all/
WARNING 2025-09-22 00:55:30,491 basehttp "GET /api/files/all/?page=1&page_size=100&search=&sort_by=-created_at HTTP/1.1" 404 46
INFO 2025-09-22 01:08:06,545 autoreload C:\dev\video_streaming\backend\videos\urls.py changed, reloading.
INFO 2025-09-22 01:08:06,884 apps Database ready at startup; starting initial and periodic scans.
INFO 2025-09-22 01:08:06,938 apps Starting scan function: initial_scan
INFO 2025-09-22 01:08:06,938 apps Initial scan thread started.
INFO 2025-09-22 01:08:06,939 apps Starting scan function: periodic_scan
INFO 2025-09-22 01:08:06,939 apps Periodic scan thread started.
INFO 2025-09-22 01:08:06,939 scanner Starting initial file scan (with WebP thumbnails)...
INFO 2025-09-22 01:08:06,940 scanner Starting periodic scan loop (interval=21600 sec) with WebP thumbnails...
INFO 2025-09-22 01:08:06,942 scanner Periodic scan tick.
INFO 2025-09-22 01:08:06,955 autoreload Watching for file changes with StatReloader
INFO 2025-09-22 01:08:06,977 utils Scan completed: 3 scanned, 0 added, 0 updated, 0 duplicates
INFO 2025-09-22 01:08:06,977 utils Scan completed: 3 scanned, 0 added, 0 updated, 0 duplicates
INFO 2025-09-22 01:08:06,979 utils Marked 0 files as duplicates
INFO 2025-09-22 01:08:06,979 utils Marked 0 files as duplicates
INFO 2025-09-22 01:08:06,979 scanner Initial file scan finished.
INFO 2025-09-22 01:08:06,980 scanner Periodic scan tick finished.
INFO 2025-09-22 01:08:48,451 autoreload C:\dev\video_streaming\backend\videos\views.py changed, reloading.
INFO 2025-09-22 01:08:48,771 apps Database ready at startup; starting initial and periodic scans.
INFO 2025-09-22 01:08:48,820 apps Starting scan function: initial_scan
INFO 2025-09-22 01:08:48,820 apps Initial scan thread started.
INFO 2025-09-22 01:08:48,820 apps Starting scan function: periodic_scan
INFO 2025-09-22 01:08:48,820 apps Periodic scan thread started.
INFO 2025-09-22 01:08:48,820 scanner Starting initial file scan (with WebP thumbnails)...
INFO 2025-09-22 01:08:48,821 scanner Starting periodic scan loop (interval=21600 sec) with WebP thumbnails...
INFO 2025-09-22 01:08:48,821 scanner Periodic scan tick.
INFO 2025-09-22 01:08:48,837 autoreload Watching for file changes with StatReloader
INFO 2025-09-22 01:08:48,858 utils Scan completed: 3 scanned, 0 added, 0 updated, 0 duplicates
INFO 2025-09-22 01:08:48,859 utils Scan completed: 3 scanned, 0 added, 0 updated, 0 duplicates
INFO 2025-09-22 01:08:48,860 utils Marked 0 files as duplicates
INFO 2025-09-22 01:08:48,860 utils Marked 0 files as duplicates
INFO 2025-09-22 01:08:48,860 scanner Initial file scan finished.
INFO 2025-09-22 01:08:48,860 scanner Periodic scan tick finished.
INFO 2025-09-22 01:08:52,205 autoreload C:\dev\video_streaming\backend\videos\utils.py changed, reloading.
INFO 2025-09-22 01:08:52,543 apps Database ready at startup; starting initial and periodic scans.
INFO 2025-09-22 01:08:52,608 apps Starting scan function: initial_scan
INFO 2025-09-22 01:08:52,608 apps Initial scan thread started.
INFO 2025-09-22 01:08:52,608 apps Starting scan function: periodic_scan
INFO 2025-09-22 01:08:52,608 apps Periodic scan thread started.
INFO 2025-09-22 01:08:52,609 scanner Starting initial file scan (with WebP thumbnails)...
INFO 2025-09-22 01:08:52,610 scanner Starting periodic scan loop (interval=21600 sec) with WebP thumbnails...
INFO 2025-09-22 01:08:52,610 scanner Periodic scan tick.
INFO 2025-09-22 01:08:52,632 autoreload Watching for file changes with StatReloader
INFO 2025-09-22 01:08:52,854 utils Updated file: 220702_loop.mp4
INFO 2025-09-22 01:08:52,857 utils Updated file: 220702_loop.mp4
INFO 2025-09-22 01:08:53,020 utils Updated file: gxx.mp4
INFO 2025-09-22 01:08:53,027 utils Updated file: gxx.mp4
INFO 2025-09-22 01:08:53,193 utils Updated file: p.mp4
INFO 2025-09-22 01:08:53,197 utils Scan completed: 3 scanned, 0 added, 3 updated, 0 duplicates
INFO 2025-09-22 01:08:53,198 utils Marked 0 files as duplicates
INFO 2025-09-22 01:08:53,198 scanner Initial file scan finished.
INFO 2025-09-22 01:08:53,200 utils Updated file: p.mp4
INFO 2025-09-22 01:08:53,204 utils Scan completed: 3 scanned, 0 added, 3 updated, 0 duplicates
INFO 2025-09-22 01:08:53,205 utils Marked 0 files as duplicates
INFO 2025-09-22 01:08:53,205 scanner Periodic scan tick finished.
INFO 2025-09-22 01:09:29,043 apps Database ready at startup; starting initial and periodic scans.
INFO 2025-09-22 01:09:29,091 apps Starting scan function: initial_scan
INFO 2025-09-22 01:09:29,091 apps Initial scan thread started.
INFO 2025-09-22 01:09:29,091 apps Starting scan function: periodic_scan
INFO 2025-09-22 01:09:29,091 apps Periodic scan thread started.
INFO 2025-09-22 01:09:29,091 scanner Starting initial file scan (with WebP thumbnails)...
INFO 2025-09-22 01:09:29,093 scanner Starting periodic scan loop (interval=21600 sec) with WebP thumbnails...
INFO 2025-09-22 01:09:29,093 scanner Periodic scan tick.
INFO 2025-09-22 01:09:29,111 autoreload Watching for file changes with StatReloader
INFO 2025-09-22 01:09:29,311 utils Updated file: 220702_loop.mp4
INFO 2025-09-22 01:09:29,311 utils Updated file: 220702_loop.mp4
INFO 2025-09-22 01:09:29,470 utils Updated file: gxx.mp4
INFO 2025-09-22 01:09:29,475 utils Updated file: gxx.mp4
INFO 2025-09-22 01:09:29,643 utils Updated file: p.mp4
INFO 2025-09-22 01:09:29,644 utils Updated file: p.mp4
INFO 2025-09-22 01:09:29,646 utils Scan completed: 3 scanned, 0 added, 0 updated, 3 duplicates
INFO 2025-09-22 01:09:29,647 utils Marked 0 files as duplicates
INFO 2025-09-22 01:09:29,647 scanner Initial file scan finished.
INFO 2025-09-22 01:09:29,649 utils Scan completed: 3 scanned, 0 added, 0 updated, 3 duplicates
INFO 2025-09-22 01:09:29,649 utils Marked 0 files as duplicates
INFO 2025-09-22 01:09:29,650 scanner Periodic scan tick finished.
INFO 2025-09-22 01:09:38,073 basehttp "GET /api/files/all/?page=1&page_size=100&search=&sort_by=-created_at HTTP/1.1" 200 978
INFO 2025-09-22 01:09:38,081 basehttp "GET /api/files/all/?page=1&page_size=100&search=&sort_by=-created_at HTTP/1.1" 200 978
WARNING 2025-09-22 01:09:38,450 log Not Found: /media/gifs/p.gif
WARNING 2025-09-22 01:09:38,450 basehttp "GET /media/gifs/p.gif HTTP/1.1" 404 2552
INFO 2025-09-22 01:09:38,499 basehttp "GET /media/webp/220702_loop.webp HTTP/1.1" 200 32104
INFO 2025-09-22 01:09:38,499 basehttp "GET /media/webp/gxx.webp HTTP/1.1" 200 25574
INFO 2025-09-22 01:09:39,344 basehttp "GET /api/files/all/?page=1&page_size=100&search=&sort_by=-created_at HTTP/1.1" 200 978
INFO 2025-09-22 01:09:39,352 basehttp "GET /api/files/all/?page=1&page_size=100&search=&sort_by=-created_at HTTP/1.1" 200 978
INFO 2025-09-22 01:09:39,418 basehttp "GET /media/webp/gxx.webp HTTP/1.1" 304 0
INFO 2025-09-22 01:09:39,418 basehttp "GET /media/webp/220702_loop.webp HTTP/1.1" 304 0
WARNING 2025-09-22 01:09:39,421 log Not Found: /media/gifs/p.gif
WARNING 2025-09-22 01:09:39,421 basehttp "GET /media/gifs/p.gif HTTP/1.1" 404 2552
WARNING 2025-09-22 01:10:22,192 log Not Found: /media/gifs/p.gif
WARNING 2025-09-22 01:10:22,193 basehttp "GET /media/gifs/p.gif HTTP/1.1" 404 2552
WARNING 2025-09-22 01:10:22,220 log Not Found: /media/gifs/p.gif
WARNING 2025-09-22 01:10:22,220 basehttp "GET /media/gifs/p.gif HTTP/1.1" 404 2552
WARNING 2025-09-22 01:10:33,737 log Not Found: /media/gifs/p.gif
WARNING 2025-09-22 01:10:33,737 basehttp "GET /media/gifs/p.gif HTTP/1.1" 404 2552
WARNING 2025-09-22 01:10:34,001 log Not Found: /media/gifs/p.gif
WARNING 2025-09-22 01:10:34,002 basehttp "GET /media/gifs/p.gif HTTP/1.1" 404 2552
WARNING 2025-09-22 01:10:34,004 log Not Found: /media/gifs/p.gif
WARNING 2025-09-22 01:10:34,004 basehttp "GET /media/gifs/p.gif HTTP/1.1" 404 2552
INFO 2025-09-22 01:11:30,073 basehttp "GET /api/files/no-folder/?search=&sort_by=-created_at HTTP/1.1" 200 978
INFO 2025-09-22 01:11:30,080 basehttp "GET /api/files/no-folder/?search=&sort_by=-created_at HTTP/1.1" 200 978
WARNING 2025-09-22 01:11:30,121 log Not Found: /media/gifs/p.gif
WARNING 2025-09-22 01:11:30,122 basehttp "GET /media/gifs/p.gif HTTP/1.1" 404 2552
INFO 2025-09-22 01:11:33,133 basehttp "GET /api/folders/?parent_id=null HTTP/1.1" 200 52
INFO 2025-09-22 01:11:33,135 basehttp "GET /api/folders/?parent_id=null HTTP/1.1" 200 52
INFO 2025-09-22 01:11:46,613 basehttp "GET /api/files/all/?page=1&page_size=100&search=&sort_by=-created_at HTTP/1.1" 200 978
INFO 2025-09-22 01:11:46,622 basehttp "GET /api/files/all/?page=1&page_size=100&search=&sort_by=-created_at HTTP/1.1" 200 978
WARNING 2025-09-22 01:11:46,964 log Not Found: /media/gifs/p.gif
WARNING 2025-09-22 01:11:46,964 basehttp "GET /media/gifs/p.gif HTTP/1.1" 404 2552
INFO 2025-09-22 01:12:12,194 basehttp "GET /api/folders/?parent_id=null HTTP/1.1" 200 52
INFO 2025-09-22 01:12:12,197 basehttp "GET /api/folders/?parent_id=null HTTP/1.1" 200 52
INFO 2025-09-22 01:12:17,662 basehttp "OPTIONS /api/folders/ HTTP/1.1" 200 0
WARNING 2025-09-22 01:12:17,664 log Bad Request: /api/folders/
WARNING 2025-09-22 01:12:17,665 basehttp "POST /api/folders/ HTTP/1.1" 400 45
INFO 2025-09-22 01:13:14,604 basehttp "GET /api/files/all/?page=1&page_size=100&search=&sort_by=-created_at HTTP/1.1" 200 978
INFO 2025-09-22 01:13:14,613 basehttp "GET /api/files/all/?page=1&page_size=100&search=&sort_by=-created_at HTTP/1.1" 200 978
WARNING 2025-09-22 01:13:14,958 log Not Found: /media/gifs/p.gif
WARNING 2025-09-22 01:13:14,960 basehttp "GET /media/gifs/p.gif HTTP/1.1" 404 2552
INFO 2025-09-22 01:13:17,895 basehttp "GET /api/folders/?parent_id=null HTTP/1.1" 200 52
INFO 2025-09-22 01:13:17,898 basehttp "GET /api/folders/?parent_id=null HTTP/1.1" 200 52
INFO 2025-09-22 01:13:18,480 basehttp "GET /api/files/all/?page=1&page_size=100&search=&sort_by=-created_at HTTP/1.1" 200 978
INFO 2025-09-22 01:13:18,486 basehttp "GET /api/files/all/?page=1&page_size=100&search=&sort_by=-created_at HTTP/1.1" 200 978
WARNING 2025-09-22 01:13:18,516 log Not Found: /media/gifs/p.gif
WARNING 2025-09-22 01:13:18,517 basehttp "GET /media/gifs/p.gif HTTP/1.1" 404 2552
INFO 2025-09-22 01:13:35,184 basehttp "GET /api/files/all/?page=1&page_size=100&search=&sort_by=-created_at HTTP/1.1" 200 978
INFO 2025-09-22 01:13:35,192 basehttp "GET /api/files/all/?page=1&page_size=100&search=&sort_by=-created_at HTTP/1.1" 200 978
INFO 2025-09-22 01:13:35,530 basehttp "GET /media/webp/gxx.webp HTTP/1.1" 200 25574
INFO 2025-09-22 01:13:35,530 basehttp "GET /media/webp/220702_loop.webp HTTP/1.1" 200 32104
WARNING 2025-09-22 01:13:35,532 log Not Found: /media/gifs/p.gif
WARNING 2025-09-22 01:13:35,533 basehttp "GET /media/gifs/p.gif HTTP/1.1" 404 2552
INFO 2025-09-22 01:14:28,657 basehttp "GET /api/tags/popular/?limit=20 HTTP/1.1" 200 2
INFO 2025-09-22 01:14:28,660 basehttp "GET /api/tags/popular/?limit=20 HTTP/1.1" 200 2
INFO 2025-09-22 01:14:28,665 basehttp "GET /api/tags/popular/?limit=20 HTTP/1.1" 200 2
INFO 2025-09-22 01:14:28,669 basehttp "GET /api/tags/popular/?limit=20 HTTP/1.1" 200 2
INFO 2025-09-22 01:14:32,699 basehttp "GET /api/files/all/?page=1&page_size=100&search=a&sort_by=-created_at HTTP/1.1" 200 52
INFO 2025-09-22 01:14:34,059 basehttp "GET /api/files/all/?page=1&page_size=100&search=g&sort_by=-created_at HTTP/1.1" 200 358
INFO 2025-09-22 01:14:35,115 basehttp "GET /api/files/all/?page=1&page_size=100&search=&sort_by=-created_at HTTP/1.1" 200 978
WARNING 2025-09-22 01:14:35,461 log Not Found: /media/gifs/p.gif
WARNING 2025-09-22 01:14:35,461 basehttp "GET /media/gifs/p.gif HTTP/1.1" 404 2552
INFO 2025-09-22 01:14:59,457 autoreload C:\dev\video_streaming\backend\videos\urls.py changed, reloading.
INFO 2025-09-22 01:14:59,840 apps Database ready at startup; starting initial and periodic scans.
INFO 2025-09-22 01:14:59,894 apps Starting scan function: initial_scan
INFO 2025-09-22 01:14:59,894 apps Initial scan thread started.
INFO 2025-09-22 01:14:59,894 apps Starting scan function: periodic_scan
INFO 2025-09-22 01:14:59,894 apps Periodic scan thread started.
INFO 2025-09-22 01:14:59,895 scanner Starting initial file scan (with WebP thumbnails)...
INFO 2025-09-22 01:14:59,895 scanner Starting periodic scan loop (interval=21600 sec) with WebP thumbnails...
INFO 2025-09-22 01:14:59,896 scanner Periodic scan tick.
INFO 2025-09-22 01:14:59,911 autoreload Watching for file changes with StatReloader
INFO 2025-09-22 01:15:00,315 utils Updated file: 220702_loop.mp4
INFO 2025-09-22 01:15:00,316 utils Updated file: 220702_loop.mp4
INFO 2025-09-22 01:15:00,583 utils Updated file: gxx.mp4
INFO 2025-09-22 01:15:00,589 utils Updated file: gxx.mp4
INFO 2025-09-22 01:15:00,820 utils Updated file: p.mp4
INFO 2025-09-22 01:15:00,824 utils Scan completed: 3 scanned, 0 added, 0 updated, 3 duplicates
INFO 2025-09-22 01:15:00,825 utils Marked 0 files as duplicates
INFO 2025-09-22 01:15:00,825 scanner Initial file scan finished.
INFO 2025-09-22 01:15:00,827 utils Updated file: p.mp4
INFO 2025-09-22 01:15:00,829 utils Scan completed: 3 scanned, 0 added, 0 updated, 3 duplicates
INFO 2025-09-22 01:15:00,830 utils Marked 0 files as duplicates
INFO 2025-09-22 01:15:00,830 scanner Periodic scan tick finished.
INFO 2025-09-22 01:15:28,170 autoreload C:\dev\video_streaming\backend\videos\utils.py changed, reloading.
INFO 2025-09-22 01:15:28,549 apps Database ready at startup; starting initial and periodic scans.
INFO 2025-09-22 01:15:28,618 apps Starting scan function: initial_scan
INFO 2025-09-22 01:15:28,618 apps Initial scan thread started.
INFO 2025-09-22 01:15:28,618 apps Starting scan function: periodic_scan
INFO 2025-09-22 01:15:28,618 apps Periodic scan thread started.
INFO 2025-09-22 01:15:28,619 scanner Starting initial file scan (with WebP thumbnails)...
INFO 2025-09-22 01:15:28,620 scanner Starting periodic scan loop (interval=21600 sec) with WebP thumbnails...
INFO 2025-09-22 01:15:28,620 scanner Periodic scan tick.
INFO 2025-09-22 01:15:28,637 autoreload Watching for file changes with StatReloader
INFO 2025-09-22 01:15:29,590 utils Scan completed: 3 scanned, 0 added, 3 updated, 0 duplicates
INFO 2025-09-22 01:15:29,591 utils Marked 0 files as duplicates
INFO 2025-09-22 01:15:29,592 scanner Periodic scan tick finished.
INFO 2025-09-22 01:15:29,701 utils Scan completed: 3 scanned, 0 added, 3 updated, 0 duplicates
INFO 2025-09-22 01:15:29,702 utils Marked 0 files as duplicates
INFO 2025-09-22 01:15:29,703 scanner Initial file scan finished.
INFO 2025-09-22 01:16:12,187 autoreload C:\dev\video_streaming\backend\videos\serializers.py changed, reloading.
INFO 2025-09-22 01:16:12,499 apps Database ready at startup; starting initial and periodic scans.
INFO 2025-09-22 01:16:12,550 apps Starting scan function: initial_scan
INFO 2025-09-22 01:16:12,550 apps Initial scan thread started.
INFO 2025-09-22 01:16:12,550 apps Starting scan function: periodic_scan
INFO 2025-09-22 01:16:12,550 apps Periodic scan thread started.
INFO 2025-09-22 01:16:12,551 scanner Starting initial file scan (with WebP thumbnails)...
INFO 2025-09-22 01:16:12,551 scanner Starting periodic scan loop (interval=21600 sec) with WebP thumbnails...
INFO 2025-09-22 01:16:12,552 scanner Periodic scan tick.
INFO 2025-09-22 01:16:12,565 autoreload Watching for file changes with StatReloader
INFO 2025-09-22 01:16:12,584 utils Scan completed: 3 scanned, 0 added, 3 updated, 0 duplicates
INFO 2025-09-22 01:16:12,585 utils Marked 0 files as duplicates
INFO 2025-09-22 01:16:12,585 scanner Initial file scan finished.
INFO 2025-09-22 01:16:12,588 utils Scan completed: 3 scanned, 0 added, 3 updated, 0 duplicates
INFO 2025-09-22 01:16:12,589 utils Marked 0 files as duplicates
INFO 2025-09-22 01:16:12,589 scanner Periodic scan tick finished.
INFO 2025-09-22 01:16:42,661 autoreload C:\dev\video_streaming\backend\videos\serializers.py changed, reloading.
INFO 2025-09-22 01:16:42,991 apps Database ready at startup; starting initial and periodic scans.
INFO 2025-09-22 01:16:43,044 apps Starting scan function: initial_scan
INFO 2025-09-22 01:16:43,044 apps Initial scan thread started.
INFO 2025-09-22 01:16:43,044 apps Starting scan function: periodic_scan
INFO 2025-09-22 01:16:43,044 apps Periodic scan thread started.
INFO 2025-09-22 01:16:43,044 scanner Starting initial file scan (with WebP thumbnails)...
INFO 2025-09-22 01:16:43,045 scanner Starting periodic scan loop (interval=21600 sec) with WebP thumbnails...
INFO 2025-09-22 01:16:43,046 scanner Periodic scan tick.
INFO 2025-09-22 01:16:43,062 autoreload Watching for file changes with StatReloader
INFO 2025-09-22 01:16:43,083 utils Scan completed: 3 scanned, 0 added, 3 updated, 0 duplicates
INFO 2025-09-22 01:16:43,085 utils Marked 0 files as duplicates
INFO 2025-09-22 01:16:43,085 scanner Initial file scan finished.
INFO 2025-09-22 01:16:43,086 utils Scan completed: 3 scanned, 0 added, 3 updated, 0 duplicates
INFO 2025-09-22 01:16:43,087 utils Marked 0 files as duplicates
INFO 2025-09-22 01:16:43,087 scanner Periodic scan tick finished.
INFO 2025-09-22 01:16:51,343 apps Database ready at startup; starting initial and periodic scans.
INFO 2025-09-22 01:16:51,395 apps Starting scan function: initial_scan
INFO 2025-09-22 01:16:51,395 apps Initial scan thread started.
INFO 2025-09-22 01:16:51,396 apps Starting scan function: periodic_scan
INFO 2025-09-22 01:16:51,396 apps Periodic scan thread started.
INFO 2025-09-22 01:16:51,397 scanner Starting initial file scan (with WebP thumbnails)...
INFO 2025-09-22 01:16:51,397 scanner Starting periodic scan loop (interval=21600 sec) with WebP thumbnails...
INFO 2025-09-22 01:16:51,398 scanner Periodic scan tick.
INFO 2025-09-22 01:16:51,412 autoreload Watching for file changes with StatReloader
INFO 2025-09-22 01:16:51,434 utils Scan completed: 3 scanned, 0 added, 3 updated, 0 duplicates
INFO 2025-09-22 01:16:51,435 utils Marked 0 files as duplicates
INFO 2025-09-22 01:16:51,435 scanner Periodic scan tick finished.
INFO 2025-09-22 01:16:51,437 utils Scan completed: 3 scanned, 0 added, 3 updated, 0 duplicates
INFO 2025-09-22 01:16:51,438 utils Marked 0 files as duplicates
INFO 2025-09-22 01:16:51,438 scanner Initial file scan finished.
INFO 2025-09-22 01:16:57,821 basehttp "GET /api/files/all/?page=1&page_size=100&search=&sort_by=-created_at HTTP/1.1" 200 1346
INFO 2025-09-22 01:16:57,829 basehttp "GET /api/files/all/?page=1&page_size=100&search=&sort_by=-created_at HTTP/1.1" 200 1346
INFO 2025-09-22 01:16:57,937 basehttp "GET /api/files/all/?page=1&page_size=100&search=&sort_by=-created_at HTTP/1.1" 200 1346
INFO 2025-09-22 01:16:57,945 basehttp "GET /api/files/all/?page=1&page_size=100&search=&sort_by=-created_at HTTP/1.1" 200 1346
INFO 2025-09-22 01:16:57,953 basehttp "GET /api/files/all/?page=1&page_size=100&search=&sort_by=-created_at HTTP/1.1" 200 1346
INFO 2025-09-22 01:16:57,963 basehttp "GET /api/files/all/?page=1&page_size=100&search=&sort_by=-created_at HTTP/1.1" 200 1346
WARNING 2025-09-22 01:16:58,172 log Not Found: /media/gifs/p.gif
WARNING 2025-09-22 01:16:58,172 basehttp "GET /media/gifs/p.gif HTTP/1.1" 404 2552
INFO 2025-09-22 01:16:58,229 basehttp "GET /media/webp/gxx.webp HTTP/1.1" 200 25574
INFO 2025-09-22 01:16:58,229 basehttp "GET /media/webp/220702_loop.webp HTTP/1.1" 200 32104
INFO 2025-09-22 01:16:58,277 basehttp "GET /media/webp/220702_loop.webp HTTP/1.1" 200 32104
INFO 2025-09-22 01:16:58,277 basehttp "GET /media/webp/gxx.webp HTTP/1.1" 200 25574
WARNING 2025-09-22 01:16:58,281 log Not Found: /media/gifs/p.gif
INFO 2025-09-22 01:16:58,282 basehttp "GET /media/webp/gxx.webp HTTP/1.1" 200 25574
INFO 2025-09-22 01:16:58,282 basehttp "GET /media/webp/220702_loop.webp HTTP/1.1" 200 32104
WARNING 2025-09-22 01:16:58,282 basehttp "GET /media/gifs/p.gif HTTP/1.1" 404 2552
WARNING 2025-09-22 01:16:58,285 log Not Found: /media/gifs/p.gif
WARNING 2025-09-22 01:16:58,286 basehttp "GET /media/gifs/p.gif HTTP/1.1" 404 2552
WARNING 2025-09-22 01:16:58,289 log Not Found: /media/gifs/p.gif
WARNING 2025-09-22 01:16:58,289 basehttp "GET /media/gifs/p.gif HTTP/1.1" 404 2552
INFO 2025-09-22 01:16:59,011 basehttp "GET /media/videos/220702_loop.mp4 HTTP/1.1" 200 10584374
INFO 2025-09-22 01:17:04,216 basehttp "GET /media/videos/gxx.mp4 HTTP/1.1" 200 1153029
INFO 2025-09-22 01:17:07,023 basehttp "GET /media/videos/p.mp4 HTTP/1.1" 200 17300733
INFO 2025-09-22 01:17:49,377 basehttp "GET /api/folders/?parent_id=null HTTP/1.1" 200 52
INFO 2025-09-22 01:17:49,382 basehttp "GET /api/folders/?parent_id=null HTTP/1.1" 200 52
WARNING 2025-09-22 01:17:51,868 log Bad Request: /api/folders/
WARNING 2025-09-22 01:17:51,868 basehttp "POST /api/folders/ HTTP/1.1" 400 45
INFO 2025-09-22 01:17:57,488 basehttp "GET /api/files/deleted/?search=&sort_by=-created_at HTTP/1.1" 200 52
INFO 2025-09-22 01:17:57,492 basehttp "GET /api/files/deleted/?search=&sort_by=-created_at HTTP/1.1" 200 52
INFO 2025-09-22 01:17:59,053 basehttp "GET /api/files/all/?page=1&page_size=100&search=&sort_by=-created_at HTTP/1.1" 200 1346
INFO 2025-09-22 01:17:59,061 basehttp "GET /api/files/all/?page=1&page_size=100&search=&sort_by=-created_at HTTP/1.1" 200 1346
INFO 2025-09-22 01:17:59,088 basehttp "GET /media/webp/220702_loop.webp HTTP/1.1" 304 0
INFO 2025-09-22 01:17:59,089 basehttp "GET /media/webp/gxx.webp HTTP/1.1" 304 0
WARNING 2025-09-22 01:17:59,092 log Not Found: /media/gifs/p.gif
WARNING 2025-09-22 01:17:59,092 basehttp "GET /media/gifs/p.gif HTTP/1.1" 404 2552
WARNING 2025-09-22 01:18:03,333 log Not Found: /media/gifs/p.gif
WARNING 2025-09-22 01:18:03,333 basehttp "GET /media/gifs/p.gif HTTP/1.1" 404 2552
WARNING 2025-09-22 01:18:03,337 log Not Found: /media/gifs/p.gif
WARNING 2025-09-22 01:18:03,338 basehttp "GET /media/gifs/p.gif HTTP/1.1" 404 2552
WARNING 2025-09-22 01:18:03,341 log Not Found: /media/gifs/p.gif
WARNING 2025-09-22 01:18:03,341 basehttp "GET /media/gifs/p.gif HTTP/1.1" 404 2552
WARNING 2025-09-22 01:18:03,671 log Not Found: /media/gifs/p.gif
WARNING 2025-09-22 01:18:03,671 basehttp "GET /media/gifs/p.gif HTTP/1.1" 404 2552
INFO 2025-09-22 01:18:07,922 basehttp "GET /api/files/all/?page=1&page_size=100&search=&sort_by=file_name HTTP/1.1" 200 1346
INFO 2025-09-22 01:18:07,952 basehttp "GET /api/files/all/?page=1&page_size=100&search=&sort_by=file_name HTTP/1.1" 200 1346
INFO 2025-09-22 01:18:07,969 basehttp "GET /api/files/all/?page=1&page_size=100&search=&sort_by=file_name HTTP/1.1" 200 1346
INFO 2025-09-22 01:18:07,980 basehttp "GET /api/files/all/?page=1&page_size=100&search=&sort_by=file_name HTTP/1.1" 200 1346
WARNING 2025-09-22 01:18:08,039 log Not Found: /media/gifs/p.gif
WARNING 2025-09-22 01:18:08,040 basehttp "GET /media/gifs/p.gif HTTP/1.1" 404 2552
INFO 2025-09-22 01:18:08,511 basehttp "GET /api/files/all/?page=1&page_size=100&search=&sort_by=-file_name HTTP/1.1" 200 1346
INFO 2025-09-22 01:18:08,539 basehttp "GET /api/files/all/?page=1&page_size=100&search=&sort_by=-file_name HTTP/1.1" 200 1346
INFO 2025-09-22 01:18:08,555 basehttp "GET /api/files/all/?page=1&page_size=100&search=&sort_by=-file_name HTTP/1.1" 200 1346
INFO 2025-09-22 01:18:08,571 basehttp "GET /api/files/all/?page=1&page_size=100&search=&sort_by=-file_name HTTP/1.1" 200 1346
INFO 2025-09-22 01:18:10,441 basehttp "GET /api/files/all/?page=1&page_size=100&search=&sort_by=file_size HTTP/1.1" 200 1346
INFO 2025-09-22 01:18:10,476 basehttp "GET /api/files/all/?page=1&page_size=100&search=&sort_by=file_size HTTP/1.1" 200 1346
INFO 2025-09-22 01:18:10,489 basehttp "GET /api/files/all/?page=1&page_size=100&search=&sort_by=file_size HTTP/1.1" 200 1346
INFO 2025-09-22 01:18:10,498 basehttp "GET /api/files/all/?page=1&page_size=100&search=&sort_by=file_size HTTP/1.1" 200 1346
INFO 2025-09-22 01:18:11,203 basehttp "GET /api/files/all/?page=1&page_size=100&search=&sort_by=-file_size HTTP/1.1" 200 1346
INFO 2025-09-22 01:18:11,234 basehttp "GET /api/files/all/?page=1&page_size=100&search=&sort_by=-file_size HTTP/1.1" 200 1346
INFO 2025-09-22 01:18:11,251 basehttp "GET /api/files/all/?page=1&page_size=100&search=&sort_by=-file_size HTTP/1.1" 200 1346
INFO 2025-09-22 01:18:11,259 basehttp "GET /api/files/all/?page=1&page_size=100&search=&sort_by=-file_size HTTP/1.1" 200 1346
INFO 2025-09-22 01:18:11,749 basehttp "GET /api/files/all/?page=1&page_size=100&search=&sort_by=file_size HTTP/1.1" 200 1346
INFO 2025-09-22 01:18:11,777 basehttp "GET /api/files/all/?page=1&page_size=100&search=&sort_by=file_size HTTP/1.1" 200 1346
INFO 2025-09-22 01:18:11,794 basehttp "GET /api/files/all/?page=1&page_size=100&search=&sort_by=file_size HTTP/1.1" 200 1346
INFO 2025-09-22 01:18:11,804 basehttp "GET /api/files/all/?page=1&page_size=100&search=&sort_by=file_size HTTP/1.1" 200 1346
INFO 2025-09-22 01:18:12,139 basehttp "GET /api/files/all/?page=1&page_size=100&search=&sort_by=video_duration HTTP/1.1" 200 1346
INFO 2025-09-22 01:18:12,177 basehttp "GET /api/files/all/?page=1&page_size=100&search=&sort_by=video_duration HTTP/1.1" 200 1346
INFO 2025-09-22 01:18:12,184 basehttp "GET /api/files/all/?page=1&page_size=100&search=&sort_by=video_duration HTTP/1.1" 200 1346
INFO 2025-09-22 01:18:12,195 basehttp "GET /api/files/all/?page=1&page_size=100&search=&sort_by=video_duration HTTP/1.1" 200 1346
INFO 2025-09-22 01:18:12,746 basehttp "GET /api/files/all/?page=1&page_size=100&search=&sort_by=-video_duration HTTP/1.1" 200 1346
INFO 2025-09-22 01:18:12,782 basehttp "GET /api/files/all/?page=1&page_size=100&search=&sort_by=-video_duration HTTP/1.1" 200 1346
INFO 2025-09-22 01:18:12,791 basehttp "GET /api/files/all/?page=1&page_size=100&search=&sort_by=-video_duration HTTP/1.1" 200 1346
INFO 2025-09-22 01:18:12,798 basehttp "GET /api/files/all/?page=1&page_size=100&search=&sort_by=-video_duration HTTP/1.1" 200 1346
INFO 2025-09-22 01:21:25,677 basehttp "GET /api/files/all/?page=1&page_size=100&search=&sort_by=-created_at HTTP/1.1" 200 1346
INFO 2025-09-22 01:21:25,696 basehttp "GET /api/files/all/?page=1&page_size=100&search=&sort_by=-created_at HTTP/1.1" 200 1346
INFO 2025-09-22 01:21:26,143 basehttp "GET /media/webp/gxx.webp HTTP/1.1" 200 25574
INFO 2025-09-22 01:21:26,143 basehttp "GET /media/webp/220702_loop.webp HTTP/1.1" 200 32104
WARNING 2025-09-22 01:21:26,148 log Not Found: /media/gifs/p.gif
WARNING 2025-09-22 01:21:26,148 basehttp "GET /media/gifs/p.gif HTTP/1.1" 404 2552
INFO 2025-09-22 01:23:05,908 autoreload C:\dev\video_streaming\backend\videos\serializers.py changed, reloading.
INFO 2025-09-22 01:23:06,306 apps Database ready at startup; starting initial and periodic scans.
INFO 2025-09-22 01:23:06,361 apps Starting scan function: initial_scan
INFO 2025-09-22 01:23:06,361 apps Initial scan thread started.
INFO 2025-09-22 01:23:06,361 apps Starting scan function: periodic_scan
INFO 2025-09-22 01:23:06,361 apps Periodic scan thread started.
INFO 2025-09-22 01:23:06,362 scanner Starting initial file scan (with WebP thumbnails)...
INFO 2025-09-22 01:23:06,363 scanner Starting periodic scan loop (interval=21600 sec) with WebP thumbnails...
INFO 2025-09-22 01:23:06,363 scanner Periodic scan tick.
INFO 2025-09-22 01:23:06,381 autoreload Watching for file changes with StatReloader
INFO 2025-09-22 01:23:06,400 utils Scan completed: 3 scanned, 0 added, 3 updated, 0 duplicates
INFO 2025-09-22 01:23:06,402 utils Marked 0 files as duplicates
INFO 2025-09-22 01:23:06,402 scanner Periodic scan tick finished.
INFO 2025-09-22 01:23:06,403 utils Scan completed: 3 scanned, 0 added, 3 updated, 0 duplicates
INFO 2025-09-22 01:23:06,404 utils Marked 0 files as duplicates
INFO 2025-09-22 01:23:06,404 scanner Initial file scan finished.
INFO 2025-09-22 01:23:11,282 basehttp "GET /api/files/all/?page=1&page_size=100&search=&sort_by=-created_at HTTP/1.1" 200 1558
INFO 2025-09-22 01:23:11,290 basehttp "GET /api/files/all/?page=1&page_size=100&search=&sort_by=-created_at HTTP/1.1" 200 1558
WARNING 2025-09-22 01:23:11,329 log Not Found: /media/gifs/p.gif
WARNING 2025-09-22 01:23:11,329 basehttp "GET /media/gifs/p.gif HTTP/1.1" 404 2552
INFO 2025-09-22 01:23:11,369 basehttp "GET /media/webp/220702_loop.webp HTTP/1.1" 200 32104
INFO 2025-09-22 01:23:11,370 basehttp "GET /media/webp/gxx.webp HTTP/1.1" 200 25574
INFO 2025-09-22 01:23:11,448 basehttp "GET /api/files/all/?page=1&page_size=100&search=&sort_by=-created_at HTTP/1.1" 200 1558
INFO 2025-09-22 01:23:11,458 basehttp "GET /api/files/all/?page=1&page_size=100&search=&sort_by=-created_at HTTP/1.1" 200 1558
INFO 2025-09-22 01:23:11,468 basehttp "GET /api/files/all/?page=1&page_size=100&search=&sort_by=-created_at HTTP/1.1" 200 1558
INFO 2025-09-22 01:23:11,479 basehttp "GET /api/files/all/?page=1&page_size=100&search=&sort_by=-created_at HTTP/1.1" 200 1558
INFO 2025-09-22 01:23:11,522 basehttp "GET /media/webp/220702_loop.webp HTTP/1.1" 200 32104
INFO 2025-09-22 01:23:11,522 basehttp "GET /media/webp/gxx.webp HTTP/1.1" 200 25574
WARNING 2025-09-22 01:23:11,525 log Not Found: /media/gifs/p.gif
WARNING 2025-09-22 01:23:11,525 basehttp "GET /media/gifs/p.gif HTTP/1.1" 404 2552
WARNING 2025-09-22 01:23:11,536 log Not Found: /media/gifs/p.gif
WARNING 2025-09-22 01:23:11,536 basehttp "GET /media/gifs/p.gif HTTP/1.1" 404 2552
INFO 2025-09-22 01:23:14,081 apps Database ready at startup; starting initial and periodic scans.
INFO 2025-09-22 01:23:14,130 apps Starting scan function: initial_scan
INFO 2025-09-22 01:23:14,130 apps Initial scan thread started.
INFO 2025-09-22 01:23:14,131 apps Starting scan function: periodic_scan
INFO 2025-09-22 01:23:14,131 apps Periodic scan thread started.
INFO 2025-09-22 01:23:14,131 scanner Starting initial file scan (with WebP thumbnails)...
INFO 2025-09-22 01:23:14,132 scanner Starting periodic scan loop (interval=21600 sec) with WebP thumbnails...
INFO 2025-09-22 01:23:14,132 scanner Periodic scan tick.
INFO 2025-09-22 01:23:14,146 autoreload Watching for file changes with StatReloader
INFO 2025-09-22 01:23:14,166 utils Scan completed: 3 scanned, 0 added, 3 updated, 0 duplicates
INFO 2025-09-22 01:23:14,167 utils Marked 0 files as duplicates
INFO 2025-09-22 01:23:14,167 scanner Initial file scan finished.
INFO 2025-09-22 01:23:14,168 utils Scan completed: 3 scanned, 0 added, 3 updated, 0 duplicates
INFO 2025-09-22 01:23:14,168 utils Marked 0 files as duplicates
INFO 2025-09-22 01:23:14,168 scanner Periodic scan tick finished.
INFO 2025-09-22 01:23:15,700 basehttp - Broken pipe from ('127.0.0.1', 56473)
INFO 2025-09-22 01:23:15,956 basehttp "GET /api/files/all/?page=1&page_size=100&search=&sort_by=-created_at HTTP/1.1" 200 1558
INFO 2025-09-22 01:23:15,963 basehttp "GET /api/files/all/?page=1&page_size=100&search=&sort_by=-created_at HTTP/1.1" 200 1558
WARNING 2025-09-22 01:23:15,991 log Not Found: /media/gifs/p.gif
WARNING 2025-09-22 01:23:15,992 basehttp "GET /media/gifs/p.gif HTTP/1.1" 404 2552
INFO 2025-09-22 01:23:25,163 basehttp "GET /api/folders/?parent_id=null HTTP/1.1" 200 52
INFO 2025-09-22 01:23:25,166 basehttp "GET /api/folders/?parent_id=null HTTP/1.1" 200 52
WARNING 2025-09-22 01:23:27,664 log Bad Request: /api/folders/
WARNING 2025-09-22 01:23:27,664 basehttp "POST /api/folders/ HTTP/1.1" 400 45
WARNING 2025-09-22 01:23:29,476 log Bad Request: /api/folders/
WARNING 2025-09-22 01:23:29,477 basehttp "POST /api/folders/ HTTP/1.1" 400 45
WARNING 2025-09-22 01:24:07,889 log Bad Request: /api/folders/
WARNING 2025-09-22 01:24:07,889 basehttp "POST /api/folders/ HTTP/1.1" 400 45
INFO 2025-09-22 01:24:17,967 views Starting forced file scan...
INFO 2025-09-22 01:24:17,985 utils Scan completed: 3 scanned, 0 added, 3 updated, 0 duplicates
INFO 2025-09-22 01:24:17,986 utils Marked 0 files as duplicates
INFO 2025-09-22 01:24:17,989 basehttp "GET /api/force_refresh/ HTTP/1.1" 200 260
INFO 2025-09-22 01:25:24,929 basehttp "GET /api/files/all/?page=1&page_size=100&search=&sort_by=-video_duration HTTP/1.1" 200 1558
INFO 2025-09-22 01:25:24,934 basehttp "GET /api/files/all/?page=1&page_size=100&search=&sort_by=-video_duration HTTP/1.1" 200 1558
INFO 2025-09-22 01:25:24,977 basehttp "GET /media/webp/220702_loop.webp HTTP/1.1" 304 0
INFO 2025-09-22 01:25:24,977 basehttp "GET /media/webp/gxx.webp HTTP/1.1" 304 0
WARNING 2025-09-22 01:25:24,980 log Not Found: /media/gifs/p.gif
WARNING 2025-09-22 01:25:24,980 basehttp "GET /media/gifs/p.gif HTTP/1.1" 404 2552
WARNING 2025-09-22 01:25:26,742 log Not Found: /media/gifs/p.gif
WARNING 2025-09-22 01:25:26,742 basehttp "GET /media/gifs/p.gif HTTP/1.1" 404 2552
WARNING 2025-09-22 01:25:26,758 log Not Found: /media/gifs/p.gif
WARNING 2025-09-22 01:25:26,758 basehttp "GET /media/gifs/p.gif HTTP/1.1" 404 2552
WARNING 2025-09-22 01:25:26,763 log Not Found: /media/gifs/p.gif
WARNING 2025-09-22 01:25:26,764 basehttp "GET /media/gifs/p.gif HTTP/1.1" 404 2552
WARNING 2025-09-22 01:25:27,073 log Not Found: /media/gifs/p.gif
WARNING 2025-09-22 01:25:27,074 basehttp "GET /media/gifs/p.gif HTTP/1.1" 404 2552
INFO 2025-10-04 23:46:08,182 cli Starting server at tcp:port=8000:interface=0.0.0.0
INFO 2025-10-04 23:46:08,183 server HTTP/2 support not enabled (install the http2 and tls Twisted extras)
INFO 2025-10-04 23:46:08,183 server Configuring endpoint tcp:port=8000:interface=0.0.0.0
INFO 2025-10-04 23:46:08,184 server Listening on TCP address 0.0.0.0:8000
WARNING 2025-10-04 23:46:35,594 log Not Found: /
ERROR 2025-10-04 23:46:41,539 log Internal Server Error: /api/files/all/
Traceback (most recent call last):
  File "C:\dev\video_streaming\venv\lib\site-packages\django\db\backends\base\base.py", line 275, in ensure_connection
    self.connect()
  File "C:\dev\video_streaming\venv\lib\site-packages\django\utils\asyncio.py", line 26, in inner
    return func(*args, **kwargs)
  File "C:\dev\video_streaming\venv\lib\site-packages\django\db\backends\base\base.py", line 256, in connect
    self.connection = self.get_new_connection(conn_params)
  File "C:\dev\video_streaming\venv\lib\site-packages\django\utils\asyncio.py", line 26, in inner
    return func(*args, **kwargs)
  File "C:\dev\video_streaming\venv\lib\site-packages\django\db\backends\mysql\base.py", line 255, in get_new_connection
    connection = Database.connect(**conn_params)
  File "C:\dev\video_streaming\venv\lib\site-packages\MySQLdb\__init__.py", line 121, in Connect
    return Connection(*args, **kwargs)
  File "C:\dev\video_streaming\venv\lib\site-packages\MySQLdb\connections.py", line 193, in __init__
    super().__init__(*args, **kwargs2)
MySQLdb.OperationalError: (2002, "Can't connect to server on 'localhost' (10061)")

The above exception was the direct cause of the following exception:

Traceback (most recent call last):
  File "C:\dev\video_streaming\venv\lib\site-packages\django\core\handlers\exception.py", line 42, in inner
    response = await get_response(request)
  File "C:\dev\video_streaming\venv\lib\site-packages\django\core\handlers\base.py", line 253, in _get_response_async
    response = await wrapped_callback(
  File "C:\dev\video_streaming\venv\lib\site-packages\asgiref\sync.py", line 439, in __call__
    ret = await asyncio.shield(exec_coro)
  File "C:\Users\es2\AppData\Local\Programs\Python\Python310\lib\concurrent\futures\thread.py", line 58, in run
    result = self.fn(*self.args, **self.kwargs)
  File "C:\dev\video_streaming\venv\lib\site-packages\asgiref\sync.py", line 493, in thread_handler
    return func(*args, **kwargs)
  File "C:\dev\video_streaming\venv\lib\site-packages\django\views\decorators\csrf.py", line 65, in _view_wrapper
    return view_func(request, *args, **kwargs)
  File "C:\dev\video_streaming\venv\lib\site-packages\rest_framework\viewsets.py", line 125, in view
    return self.dispatch(request, *args, **kwargs)
  File "C:\dev\video_streaming\venv\lib\site-packages\rest_framework\views.py", line 509, in dispatch
    response = self.handle_exception(exc)
  File "C:\dev\video_streaming\venv\lib\site-packages\rest_framework\views.py", line 469, in handle_exception
    self.raise_uncaught_exception(exc)
  File "C:\dev\video_streaming\venv\lib\site-packages\rest_framework\views.py", line 480, in raise_uncaught_exception
    raise exc
  File "C:\dev\video_streaming\venv\lib\site-packages\rest_framework\views.py", line 506, in dispatch
    response = handler(request, *args, **kwargs)
  File "C:\dev\video_streaming\backend\.\videos\views.py", line 83, in all_files
    page = self.paginate_queryset(queryset)
  File "C:\dev\video_streaming\venv\lib\site-packages\rest_framework\generics.py", line 171, in paginate_queryset
    return self.paginator.paginate_queryset(queryset, self.request, view=self)
  File "C:\dev\video_streaming\venv\lib\site-packages\rest_framework\pagination.py", line 204, in paginate_queryset
    self.page = paginator.page(page_number)
  File "C:\dev\video_streaming\venv\lib\site-packages\django\core\paginator.py", line 89, in page
    number = self.validate_number(number)
  File "C:\dev\video_streaming\venv\lib\site-packages\django\core\paginator.py", line 70, in validate_number
    if number > self.num_pages:
  File "C:\dev\video_streaming\venv\lib\site-packages\django\utils\functional.py", line 47, in __get__
    res = instance.__dict__[self.name] = self.func(instance)
  File "C:\dev\video_streaming\venv\lib\site-packages\django\core\paginator.py", line 116, in num_pages
    if self.count == 0 and not self.allow_empty_first_page:
  File "C:\dev\video_streaming\venv\lib\site-packages\django\utils\functional.py", line 47, in __get__
    res = instance.__dict__[self.name] = self.func(instance)
  File "C:\dev\video_streaming\venv\lib\site-packages\django\core\paginator.py", line 110, in count
    return c()
  File "C:\dev\video_streaming\venv\lib\site-packages\django\db\models\query.py", line 618, in count
    return self.query.get_count(using=self.db)
  File "C:\dev\video_streaming\venv\lib\site-packages\django\db\models\sql\query.py", line 618, in get_count
    return obj.get_aggregation(using, {"__count": Count("*")})["__count"]
  File "C:\dev\video_streaming\venv\lib\site-packages\django\db\models\sql\query.py", line 604, in get_aggregation
    result = compiler.execute_sql(SINGLE)
  File "C:\dev\video_streaming\venv\lib\site-packages\django\db\models\sql\compiler.py", line 1560, in execute_sql
    cursor = self.connection.cursor()
  File "C:\dev\video_streaming\venv\lib\site-packages\django\utils\asyncio.py", line 26, in inner
    return func(*args, **kwargs)
  File "C:\dev\video_streaming\venv\lib\site-packages\django\db\backends\base\base.py", line 316, in cursor
    return self._cursor()
  File "C:\dev\video_streaming\venv\lib\site-packages\django\db\backends\base\base.py", line 292, in _cursor
    self.ensure_connection()
  File "C:\dev\video_streaming\venv\lib\site-packages\django\utils\asyncio.py", line 26, in inner
    return func(*args, **kwargs)
  File "C:\dev\video_streaming\venv\lib\site-packages\django\db\backends\base\base.py", line 274, in ensure_connection
    with self.wrap_database_errors:
  File "C:\dev\video_streaming\venv\lib\site-packages\django\db\utils.py", line 91, in __exit__
    raise dj_exc_value.with_traceback(traceback) from exc_value
  File "C:\dev\video_streaming\venv\lib\site-packages\django\db\backends\base\base.py", line 275, in ensure_connection
    self.connect()
  File "C:\dev\video_streaming\venv\lib\site-packages\django\utils\asyncio.py", line 26, in inner
    return func(*args, **kwargs)
  File "C:\dev\video_streaming\venv\lib\site-packages\django\db\backends\base\base.py", line 256, in connect
    self.connection = self.get_new_connection(conn_params)
  File "C:\dev\video_streaming\venv\lib\site-packages\django\utils\asyncio.py", line 26, in inner
    return func(*args, **kwargs)
  File "C:\dev\video_streaming\venv\lib\site-packages\django\db\backends\mysql\base.py", line 255, in get_new_connection
    connection = Database.connect(**conn_params)
  File "C:\dev\video_streaming\venv\lib\site-packages\MySQLdb\__init__.py", line 121, in Connect
    return Connection(*args, **kwargs)
  File "C:\dev\video_streaming\venv\lib\site-packages\MySQLdb\connections.py", line 193, in __init__
    super().__init__(*args, **kwargs2)
django.db.utils.OperationalError: (2002, "Can't connect to server on 'localhost' (10061)")
INFO 2025-10-04 23:49:39,792 cli Starting server at tcp:port=8000:interface=0.0.0.0
INFO 2025-10-04 23:49:39,793 server HTTP/2 support not enabled (install the http2 and tls Twisted extras)
INFO 2025-10-04 23:49:39,793 server Configuring endpoint tcp:port=8000:interface=0.0.0.0
INFO 2025-10-04 23:49:39,794 server Listening on TCP address 0.0.0.0:8000
ERROR 2025-10-04 23:50:09,409 log Internal Server Error: /api/files/all/
Traceback (most recent call last):
  File "C:\dev\video_streaming\venv\lib\site-packages\django\db\backends\base\base.py", line 275, in ensure_connection
    self.connect()
  File "C:\dev\video_streaming\venv\lib\site-packages\django\utils\asyncio.py", line 26, in inner
    return func(*args, **kwargs)
  File "C:\dev\video_streaming\venv\lib\site-packages\django\db\backends\base\base.py", line 256, in connect
    self.connection = self.get_new_connection(conn_params)
  File "C:\dev\video_streaming\venv\lib\site-packages\django\utils\asyncio.py", line 26, in inner
    return func(*args, **kwargs)
  File "C:\dev\video_streaming\venv\lib\site-packages\django\db\backends\mysql\base.py", line 255, in get_new_connection
    connection = Database.connect(**conn_params)
  File "C:\dev\video_streaming\venv\lib\site-packages\MySQLdb\__init__.py", line 121, in Connect
    return Connection(*args, **kwargs)
  File "C:\dev\video_streaming\venv\lib\site-packages\MySQLdb\connections.py", line 193, in __init__
    super().__init__(*args, **kwargs2)
MySQLdb.OperationalError: (2002, "Can't connect to server on 'localhost' (10061)")

The above exception was the direct cause of the following exception:

Traceback (most recent call last):
  File "C:\dev\video_streaming\venv\lib\site-packages\asgiref\sync.py", line 489, in thread_handler
    raise exc_info[1]
  File "C:\dev\video_streaming\venv\lib\site-packages\django\core\handlers\exception.py", line 42, in inner
    response = await get_response(request)
  File "C:\dev\video_streaming\venv\lib\site-packages\django\core\handlers\base.py", line 253, in _get_response_async
    response = await wrapped_callback(
  File "C:\dev\video_streaming\venv\lib\site-packages\asgiref\sync.py", line 439, in __call__
    ret = await asyncio.shield(exec_coro)
  File "C:\Users\es2\AppData\Local\Programs\Python\Python310\lib\concurrent\futures\thread.py", line 58, in run
    result = self.fn(*self.args, **self.kwargs)
  File "C:\dev\video_streaming\venv\lib\site-packages\asgiref\sync.py", line 493, in thread_handler
    return func(*args, **kwargs)
  File "C:\dev\video_streaming\venv\lib\site-packages\django\views\decorators\csrf.py", line 65, in _view_wrapper
    return view_func(request, *args, **kwargs)
  File "C:\dev\video_streaming\venv\lib\site-packages\rest_framework\viewsets.py", line 125, in view
    return self.dispatch(request, *args, **kwargs)
  File "C:\dev\video_streaming\venv\lib\site-packages\rest_framework\views.py", line 509, in dispatch
    response = self.handle_exception(exc)
  File "C:\dev\video_streaming\venv\lib\site-packages\rest_framework\views.py", line 469, in handle_exception
    self.raise_uncaught_exception(exc)
  File "C:\dev\video_streaming\venv\lib\site-packages\rest_framework\views.py", line 480, in raise_uncaught_exception
    raise exc
  File "C:\dev\video_streaming\venv\lib\site-packages\rest_framework\views.py", line 506, in dispatch
    response = handler(request, *args, **kwargs)
  File "C:\dev\video_streaming\backend\.\videos\views.py", line 83, in all_files
    page = self.paginate_queryset(queryset)
  File "C:\dev\video_streaming\venv\lib\site-packages\rest_framework\generics.py", line 171, in paginate_queryset
    return self.paginator.paginate_queryset(queryset, self.request, view=self)
  File "C:\dev\video_streaming\venv\lib\site-packages\rest_framework\pagination.py", line 204, in paginate_queryset
    self.page = paginator.page(page_number)
  File "C:\dev\video_streaming\venv\lib\site-packages\django\core\paginator.py", line 89, in page
    number = self.validate_number(number)
  File "C:\dev\video_streaming\venv\lib\site-packages\django\core\paginator.py", line 70, in validate_number
    if number > self.num_pages:
  File "C:\dev\video_streaming\venv\lib\site-packages\django\utils\functional.py", line 47, in __get__
    res = instance.__dict__[self.name] = self.func(instance)
  File "C:\dev\video_streaming\venv\lib\site-packages\django\core\paginator.py", line 116, in num_pages
    if self.count == 0 and not self.allow_empty_first_page:
  File "C:\dev\video_streaming\venv\lib\site-packages\django\utils\functional.py", line 47, in __get__
    res = instance.__dict__[self.name] = self.func(instance)
  File "C:\dev\video_streaming\venv\lib\site-packages\django\core\paginator.py", line 110, in count
    return c()
  File "C:\dev\video_streaming\venv\lib\site-packages\django\db\models\query.py", line 618, in count
    return self.query.get_count(using=self.db)
  File "C:\dev\video_streaming\venv\lib\site-packages\django\db\models\sql\query.py", line 618, in get_count
    return obj.get_aggregation(using, {"__count": Count("*")})["__count"]
  File "C:\dev\video_streaming\venv\lib\site-packages\django\db\models\sql\query.py", line 604, in get_aggregation
    result = compiler.execute_sql(SINGLE)
  File "C:\dev\video_streaming\venv\lib\site-packages\django\db\models\sql\compiler.py", line 1560, in execute_sql
    cursor = self.connection.cursor()
  File "C:\dev\video_streaming\venv\lib\site-packages\django\utils\asyncio.py", line 26, in inner
    return func(*args, **kwargs)
  File "C:\dev\video_streaming\venv\lib\site-packages\django\db\backends\base\base.py", line 316, in cursor
    return self._cursor()
  File "C:\dev\video_streaming\venv\lib\site-packages\django\db\backends\base\base.py", line 292, in _cursor
    self.ensure_connection()
  File "C:\dev\video_streaming\venv\lib\site-packages\django\utils\asyncio.py", line 26, in inner
    return func(*args, **kwargs)
  File "C:\dev\video_streaming\venv\lib\site-packages\django\db\backends\base\base.py", line 274, in ensure_connection
    with self.wrap_database_errors:
  File "C:\dev\video_streaming\venv\lib\site-packages\django\db\utils.py", line 91, in __exit__
    raise dj_exc_value.with_traceback(traceback) from exc_value
  File "C:\dev\video_streaming\venv\lib\site-packages\django\db\backends\base\base.py", line 275, in ensure_connection
    self.connect()
  File "C:\dev\video_streaming\venv\lib\site-packages\django\utils\asyncio.py", line 26, in inner
    return func(*args, **kwargs)
  File "C:\dev\video_streaming\venv\lib\site-packages\django\db\backends\base\base.py", line 256, in connect
    self.connection = self.get_new_connection(conn_params)
  File "C:\dev\video_streaming\venv\lib\site-packages\django\utils\asyncio.py", line 26, in inner
    return func(*args, **kwargs)
  File "C:\dev\video_streaming\venv\lib\site-packages\django\db\backends\mysql\base.py", line 255, in get_new_connection
    connection = Database.connect(**conn_params)
  File "C:\dev\video_streaming\venv\lib\site-packages\MySQLdb\__init__.py", line 121, in Connect
    return Connection(*args, **kwargs)
  File "C:\dev\video_streaming\venv\lib\site-packages\MySQLdb\connections.py", line 193, in __init__
    super().__init__(*args, **kwargs2)
django.db.utils.OperationalError: (2002, "Can't connect to server on 'localhost' (10061)")
ERROR 2025-10-04 23:50:28,842 log Internal Server Error: /api/files/all/
Traceback (most recent call last):
  File "C:\dev\video_streaming\venv\lib\site-packages\django\db\backends\base\base.py", line 275, in ensure_connection
    self.connect()
  File "C:\dev\video_streaming\venv\lib\site-packages\django\utils\asyncio.py", line 26, in inner
    return func(*args, **kwargs)
  File "C:\dev\video_streaming\venv\lib\site-packages\django\db\backends\base\base.py", line 256, in connect
    self.connection = self.get_new_connection(conn_params)
  File "C:\dev\video_streaming\venv\lib\site-packages\django\utils\asyncio.py", line 26, in inner
    return func(*args, **kwargs)
  File "C:\dev\video_streaming\venv\lib\site-packages\django\db\backends\mysql\base.py", line 255, in get_new_connection
    connection = Database.connect(**conn_params)
  File "C:\dev\video_streaming\venv\lib\site-packages\MySQLdb\__init__.py", line 121, in Connect
    return Connection(*args, **kwargs)
  File "C:\dev\video_streaming\venv\lib\site-packages\MySQLdb\connections.py", line 193, in __init__
    super().__init__(*args, **kwargs2)
MySQLdb.OperationalError: (2002, "Can't connect to server on 'localhost' (10061)")

The above exception was the direct cause of the following exception:

Traceback (most recent call last):
  File "C:\dev\video_streaming\venv\lib\site-packages\asgiref\sync.py", line 489, in thread_handler
    raise exc_info[1]
  File "C:\dev\video_streaming\venv\lib\site-packages\django\core\handlers\exception.py", line 42, in inner
    response = await get_response(request)
  File "C:\dev\video_streaming\venv\lib\site-packages\django\core\handlers\base.py", line 253, in _get_response_async
    response = await wrapped_callback(
  File "C:\dev\video_streaming\venv\lib\site-packages\asgiref\sync.py", line 439, in __call__
    ret = await asyncio.shield(exec_coro)
  File "C:\Users\es2\AppData\Local\Programs\Python\Python310\lib\concurrent\futures\thread.py", line 58, in run
    result = self.fn(*self.args, **self.kwargs)
  File "C:\dev\video_streaming\venv\lib\site-packages\asgiref\sync.py", line 493, in thread_handler
    return func(*args, **kwargs)
  File "C:\dev\video_streaming\venv\lib\site-packages\django\views\decorators\csrf.py", line 65, in _view_wrapper
    return view_func(request, *args, **kwargs)
  File "C:\dev\video_streaming\venv\lib\site-packages\rest_framework\viewsets.py", line 125, in view
    return self.dispatch(request, *args, **kwargs)
  File "C:\dev\video_streaming\venv\lib\site-packages\rest_framework\views.py", line 509, in dispatch
    response = self.handle_exception(exc)
  File "C:\dev\video_streaming\venv\lib\site-packages\rest_framework\views.py", line 469, in handle_exception
    self.raise_uncaught_exception(exc)
  File "C:\dev\video_streaming\venv\lib\site-packages\rest_framework\views.py", line 480, in raise_uncaught_exception
    raise exc
  File "C:\dev\video_streaming\venv\lib\site-packages\rest_framework\views.py", line 506, in dispatch
    response = handler(request, *args, **kwargs)
  File "C:\dev\video_streaming\backend\.\videos\views.py", line 83, in all_files
    page = self.paginate_queryset(queryset)
  File "C:\dev\video_streaming\venv\lib\site-packages\rest_framework\generics.py", line 171, in paginate_queryset
    return self.paginator.paginate_queryset(queryset, self.request, view=self)
  File "C:\dev\video_streaming\venv\lib\site-packages\rest_framework\pagination.py", line 204, in paginate_queryset
    self.page = paginator.page(page_number)
  File "C:\dev\video_streaming\venv\lib\site-packages\django\core\paginator.py", line 89, in page
    number = self.validate_number(number)
  File "C:\dev\video_streaming\venv\lib\site-packages\django\core\paginator.py", line 70, in validate_number
    if number > self.num_pages:
  File "C:\dev\video_streaming\venv\lib\site-packages\django\utils\functional.py", line 47, in __get__
    res = instance.__dict__[self.name] = self.func(instance)
  File "C:\dev\video_streaming\venv\lib\site-packages\django\core\paginator.py", line 116, in num_pages
    if self.count == 0 and not self.allow_empty_first_page:
  File "C:\dev\video_streaming\venv\lib\site-packages\django\utils\functional.py", line 47, in __get__
    res = instance.__dict__[self.name] = self.func(instance)
  File "C:\dev\video_streaming\venv\lib\site-packages\django\core\paginator.py", line 110, in count
    return c()
  File "C:\dev\video_streaming\venv\lib\site-packages\django\db\models\query.py", line 618, in count
    return self.query.get_count(using=self.db)
  File "C:\dev\video_streaming\venv\lib\site-packages\django\db\models\sql\query.py", line 618, in get_count
    return obj.get_aggregation(using, {"__count": Count("*")})["__count"]
  File "C:\dev\video_streaming\venv\lib\site-packages\django\db\models\sql\query.py", line 604, in get_aggregation
    result = compiler.execute_sql(SINGLE)
  File "C:\dev\video_streaming\venv\lib\site-packages\django\db\models\sql\compiler.py", line 1560, in execute_sql
    cursor = self.connection.cursor()
  File "C:\dev\video_streaming\venv\lib\site-packages\django\utils\asyncio.py", line 26, in inner
    return func(*args, **kwargs)
  File "C:\dev\video_streaming\venv\lib\site-packages\django\db\backends\base\base.py", line 316, in cursor
    return self._cursor()
  File "C:\dev\video_streaming\venv\lib\site-packages\django\db\backends\base\base.py", line 292, in _cursor
    self.ensure_connection()
  File "C:\dev\video_streaming\venv\lib\site-packages\django\utils\asyncio.py", line 26, in inner
    return func(*args, **kwargs)
  File "C:\dev\video_streaming\venv\lib\site-packages\django\db\backends\base\base.py", line 274, in ensure_connection
    with self.wrap_database_errors:
  File "C:\dev\video_streaming\venv\lib\site-packages\django\db\utils.py", line 91, in __exit__
    raise dj_exc_value.with_traceback(traceback) from exc_value
  File "C:\dev\video_streaming\venv\lib\site-packages\django\db\backends\base\base.py", line 275, in ensure_connection
    self.connect()
  File "C:\dev\video_streaming\venv\lib\site-packages\django\utils\asyncio.py", line 26, in inner
    return func(*args, **kwargs)
  File "C:\dev\video_streaming\venv\lib\site-packages\django\db\backends\base\base.py", line 256, in connect
    self.connection = self.get_new_connection(conn_params)
  File "C:\dev\video_streaming\venv\lib\site-packages\django\utils\asyncio.py", line 26, in inner
    return func(*args, **kwargs)
  File "C:\dev\video_streaming\venv\lib\site-packages\django\db\backends\mysql\base.py", line 255, in get_new_connection
    connection = Database.connect(**conn_params)
  File "C:\dev\video_streaming\venv\lib\site-packages\MySQLdb\__init__.py", line 121, in Connect
    return Connection(*args, **kwargs)
  File "C:\dev\video_streaming\venv\lib\site-packages\MySQLdb\connections.py", line 193, in __init__
    super().__init__(*args, **kwargs2)
django.db.utils.OperationalError: (2002, "Can't connect to server on 'localhost' (10061)")
ERROR 2025-10-04 23:50:33,917 log Internal Server Error: /api/files/all/
Traceback (most recent call last):
  File "C:\dev\video_streaming\venv\lib\site-packages\django\db\backends\base\base.py", line 275, in ensure_connection
    self.connect()
  File "C:\dev\video_streaming\venv\lib\site-packages\django\utils\asyncio.py", line 26, in inner
    return func(*args, **kwargs)
  File "C:\dev\video_streaming\venv\lib\site-packages\django\db\backends\base\base.py", line 256, in connect
    self.connection = self.get_new_connection(conn_params)
  File "C:\dev\video_streaming\venv\lib\site-packages\django\utils\asyncio.py", line 26, in inner
    return func(*args, **kwargs)
  File "C:\dev\video_streaming\venv\lib\site-packages\django\db\backends\mysql\base.py", line 255, in get_new_connection
    connection = Database.connect(**conn_params)
  File "C:\dev\video_streaming\venv\lib\site-packages\MySQLdb\__init__.py", line 121, in Connect
    return Connection(*args, **kwargs)
  File "C:\dev\video_streaming\venv\lib\site-packages\MySQLdb\connections.py", line 193, in __init__
    super().__init__(*args, **kwargs2)
MySQLdb.OperationalError: (2002, "Can't connect to server on 'localhost' (10061)")

The above exception was the direct cause of the following exception:

Traceback (most recent call last):
  File "C:\dev\video_streaming\venv\lib\site-packages\asgiref\sync.py", line 489, in thread_handler
    raise exc_info[1]
  File "C:\dev\video_streaming\venv\lib\site-packages\django\core\handlers\exception.py", line 42, in inner
    response = await get_response(request)
  File "C:\dev\video_streaming\venv\lib\site-packages\django\core\handlers\base.py", line 253, in _get_response_async
    response = await wrapped_callback(
  File "C:\dev\video_streaming\venv\lib\site-packages\asgiref\sync.py", line 439, in __call__
    ret = await asyncio.shield(exec_coro)
  File "C:\Users\es2\AppData\Local\Programs\Python\Python310\lib\concurrent\futures\thread.py", line 58, in run
    result = self.fn(*self.args, **self.kwargs)
  File "C:\dev\video_streaming\venv\lib\site-packages\asgiref\sync.py", line 493, in thread_handler
    return func(*args, **kwargs)
  File "C:\dev\video_streaming\venv\lib\site-packages\django\views\decorators\csrf.py", line 65, in _view_wrapper
    return view_func(request, *args, **kwargs)
  File "C:\dev\video_streaming\venv\lib\site-packages\rest_framework\viewsets.py", line 125, in view
    return self.dispatch(request, *args, **kwargs)
  File "C:\dev\video_streaming\venv\lib\site-packages\rest_framework\views.py", line 509, in dispatch
    response = self.handle_exception(exc)
  File "C:\dev\video_streaming\venv\lib\site-packages\rest_framework\views.py", line 469, in handle_exception
    self.raise_uncaught_exception(exc)
  File "C:\dev\video_streaming\venv\lib\site-packages\rest_framework\views.py", line 480, in raise_uncaught_exception
    raise exc
  File "C:\dev\video_streaming\venv\lib\site-packages\rest_framework\views.py", line 506, in dispatch
    response = handler(request, *args, **kwargs)
  File "C:\dev\video_streaming\backend\.\videos\views.py", line 83, in all_files
    page = self.paginate_queryset(queryset)
  File "C:\dev\video_streaming\venv\lib\site-packages\rest_framework\generics.py", line 171, in paginate_queryset
    return self.paginator.paginate_queryset(queryset, self.request, view=self)
  File "C:\dev\video_streaming\venv\lib\site-packages\rest_framework\pagination.py", line 204, in paginate_queryset
    self.page = paginator.page(page_number)
  File "C:\dev\video_streaming\venv\lib\site-packages\django\core\paginator.py", line 89, in page
    number = self.validate_number(number)
  File "C:\dev\video_streaming\venv\lib\site-packages\django\core\paginator.py", line 70, in validate_number
    if number > self.num_pages:
  File "C:\dev\video_streaming\venv\lib\site-packages\django\utils\functional.py", line 47, in __get__
    res = instance.__dict__[self.name] = self.func(instance)
  File "C:\dev\video_streaming\venv\lib\site-packages\django\core\paginator.py", line 116, in num_pages
    if self.count == 0 and not self.allow_empty_first_page:
  File "C:\dev\video_streaming\venv\lib\site-packages\django\utils\functional.py", line 47, in __get__
    res = instance.__dict__[self.name] = self.func(instance)
  File "C:\dev\video_streaming\venv\lib\site-packages\django\core\paginator.py", line 110, in count
    return c()
  File "C:\dev\video_streaming\venv\lib\site-packages\django\db\models\query.py", line 618, in count
    return self.query.get_count(using=self.db)
  File "C:\dev\video_streaming\venv\lib\site-packages\django\db\models\sql\query.py", line 618, in get_count
    return obj.get_aggregation(using, {"__count": Count("*")})["__count"]
  File "C:\dev\video_streaming\venv\lib\site-packages\django\db\models\sql\query.py", line 604, in get_aggregation
    result = compiler.execute_sql(SINGLE)
  File "C:\dev\video_streaming\venv\lib\site-packages\django\db\models\sql\compiler.py", line 1560, in execute_sql
    cursor = self.connection.cursor()
  File "C:\dev\video_streaming\venv\lib\site-packages\django\utils\asyncio.py", line 26, in inner
    return func(*args, **kwargs)
  File "C:\dev\video_streaming\venv\lib\site-packages\django\db\backends\base\base.py", line 316, in cursor
    return self._cursor()
  File "C:\dev\video_streaming\venv\lib\site-packages\django\db\backends\base\base.py", line 292, in _cursor
    self.ensure_connection()
  File "C:\dev\video_streaming\venv\lib\site-packages\django\utils\asyncio.py", line 26, in inner
    return func(*args, **kwargs)
  File "C:\dev\video_streaming\venv\lib\site-packages\django\db\backends\base\base.py", line 274, in ensure_connection
    with self.wrap_database_errors:
  File "C:\dev\video_streaming\venv\lib\site-packages\django\db\utils.py", line 91, in __exit__
    raise dj_exc_value.with_traceback(traceback) from exc_value
  File "C:\dev\video_streaming\venv\lib\site-packages\django\db\backends\base\base.py", line 275, in ensure_connection
    self.connect()
  File "C:\dev\video_streaming\venv\lib\site-packages\django\utils\asyncio.py", line 26, in inner
    return func(*args, **kwargs)
  File "C:\dev\video_streaming\venv\lib\site-packages\django\db\backends\base\base.py", line 256, in connect
    self.connection = self.get_new_connection(conn_params)
  File "C:\dev\video_streaming\venv\lib\site-packages\django\utils\asyncio.py", line 26, in inner
    return func(*args, **kwargs)
  File "C:\dev\video_streaming\venv\lib\site-packages\django\db\backends\mysql\base.py", line 255, in get_new_connection
    connection = Database.connect(**conn_params)
  File "C:\dev\video_streaming\venv\lib\site-packages\MySQLdb\__init__.py", line 121, in Connect
    return Connection(*args, **kwargs)
  File "C:\dev\video_streaming\venv\lib\site-packages\MySQLdb\connections.py", line 193, in __init__
    super().__init__(*args, **kwargs2)
django.db.utils.OperationalError: (2002, "Can't connect to server on 'localhost' (10061)")
INFO 2025-10-04 23:53:36,291 cli Starting server at tcp:port=8000:interface=0.0.0.0
INFO 2025-10-04 23:53:36,291 server HTTP/2 support not enabled (install the http2 and tls Twisted extras)
INFO 2025-10-04 23:53:36,292 server Configuring endpoint tcp:port=8000:interface=0.0.0.0
INFO 2025-10-04 23:53:36,292 server Listening on TCP address 0.0.0.0:8000
